Get the MV names where compile state = 'NEEDS_COMPILE'
RECOMPILING INVALID MVIEW MV_NUM_01_NBI64_LT_3T
EXECUTING IMMEDIATE>>> ALTER MATERIALIZED VIEW   MV_NUM_01_NBI64_LT_3T   COMPILE  
EXECUTING IMMEDIATE>>> ALTER MATERIALIZED VIEW   MV_NUM_01_NBI64_LT_3T  REFRESH COMPLETE START WITH TRUNC(SYSDATE+1) + 3/24  NEXT (SYSDATE+1) + 3/24 
EXECUTING IMMEDIATE>>> ALTER MATERIALIZED VIEW   MV_NBI_EXPORT_EXCELSHEET_ENGLISH   COMPILE  
EXECUTING IMMEDIATE>>> ALTER MATERIALIZED VIEW   MV_NBI_EXPORT_EXCELSHEET_ENGLISH  REFRESH COMPLETE START WITH TRUNC(SYSDATE+1) + 3/24  NEXT (SYSDATE+1) + 3/24 
EXECUTING IMMEDIATE>>> ALTER MATERIALIZED VIEW   MV_DATADICT_CACHE   COMPILE  
EXECUTING IMMEDIATE>>> ALTER MATERIALIZED VIEW   MV_DATADICT_CACHE  REFRESH COMPLETE START WITH TRUNC(SYSDATE+1) + 3/24  NEXT (SYSDATE+1) + 3/24 
EXECUTING IMMEDIATE>>> ALTER MATERIALIZED VIEW   MV_TOO_SHORT_BRIDGES   COMPILE  
EXECUTING IMMEDIATE>>> ALTER MATERIALIZED VIEW   MV_TOO_SHORT_BRIDGES  REFRESH COMPLETE START WITH TRUNC(SYSDATE+1) + 3/24  NEXT (SYSDATE+1) + 3/24 
EXECUTING IMMEDIATE>>> ALTER MATERIALIZED VIEW   MV_NUM_04_NBI41_B   COMPILE  
EXECUTING IMMEDIATE>>> ALTER MATERIALIZED VIEW   MV_NUM_04_NBI41_B  REFRESH COMPLETE START WITH TRUNC(SYSDATE+1) + 3/24  NEXT (SYSDATE+1) + 3/24 
EXECUTING IMMEDIATE>>> ALTER MATERIALIZED VIEW   MV_OFF_SYSTEM_BRIDGES_NEW   COMPILE  
EXECUTING IMMEDIATE>>> ALTER MATERIALIZED VIEW   MV_OFF_SYSTEM_BRIDGES_NEW  REFRESH COMPLETE START WITH TRUNC(SYSDATE+1) + 3/24  NEXT (SYSDATE+1) + 3/24 
EXECUTING IMMEDIATE>>> ALTER MATERIALIZED VIEW   MV_NUM_02_NBI59_AND_NBI60_LT2   COMPILE  
EXECUTING IMMEDIATE>>> ALTER MATERIALIZED VIEW   MV_NUM_02_NBI59_AND_NBI60_LT2  REFRESH COMPLETE START WITH TRUNC(SYSDATE+1) + 3/24  NEXT (SYSDATE+1) + 3/24 
EXECUTING IMMEDIATE>>> ALTER MATERIALIZED VIEW   MV_NUM_03_NBI64_GT_3_LT_21_T   COMPILE  
EXECUTING IMMEDIATE>>> ALTER MATERIALIZED VIEW   MV_NUM_03_NBI64_GT_3_LT_21_T  REFRESH COMPLETE START WITH TRUNC(SYSDATE+1) + 3/24  NEXT (SYSDATE+1) + 3/24 
EXECUTING IMMEDIATE>>> ALTER MATERIALIZED VIEW   MV_DATABASE_EXPORT_EXCELSHEET_METRIC   COMPILE  
EXECUTING IMMEDIATE>>> ALTER MATERIALIZED VIEW   MV_DATABASE_EXPORT_EXCELSHEET_METRIC  REFRESH COMPLETE START WITH TRUNC(SYSDATE+1) + 3/24  NEXT (SYSDATE+1) + 3/24 
EXECUTING IMMEDIATE>>> ALTER MATERIALIZED VIEW   MV_KS_SW_SCOURCRIT_DETAIL   COMPILE  
EXECUTING IMMEDIATE>>> ALTER MATERIALIZED VIEW   MV_KS_SW_SCOURCRIT_DETAIL  REFRESH COMPLETE START WITH TRUNC(SYSDATE+1) + 3/24  NEXT (SYSDATE+1) + 3/24 
EXECUTING IMMEDIATE>>> ALTER MATERIALIZED VIEW   MV_NBI_EXPORT_EXCELSHEET_METRIC   COMPILE  
EXECUTING IMMEDIATE>>> ALTER MATERIALIZED VIEW   MV_NBI_EXPORT_EXCELSHEET_METRIC  REFRESH COMPLETE START WITH TRUNC(SYSDATE+1) + 3/24  NEXT (SYSDATE+1) + 3/24 
VALID MV Names: MV_LATEST_INSPECTION,MV_LATEST_ELEMENT_INSPECTION,MV_LATEST_INSPECTION_ANY_INSPTYPE,MV_LATEST_INSPECTION_AR,MV_LATEST_INSPECTION_QAQC,MV_LATEST_LR_INSPECTION,MV_LATEST_NBI_INSPECTION,MV_LATEST_PH_INSPECTION,MV_LATEST_SP_INSPECTION,DW_PONTIS_NST_BRDG_MV,MV_COMBINED_INSPECTION,MV_DATABASE_EXPORT_EXCELSHEET,MV_DATABASE_EXPORT_EXCELSHEET_ENGLISH,MV_DATABASE_EXPORT_EXCELSHEET_METRIC,MV_DATADICT_CACHE,MV_INSP_DATES_FIX,MV_KS_SW_SCOURCRIT_DETAIL,MV_NBI_EXPORT_EXCELSHEET,MV_NBI_EXPORT_EXCELSHEET_ENGLISH,MV_NBI_EXPORT_EXCELSHEET_METRIC,MV_NBI_EXPORT_EXCELSHEET_NEW,MV_NUM_01_NBI64_LT_3T,MV_NUM_02_NBI59_AND_NBI60_LT2,MV_NUM_03_NBI64_GT_3_LT_21_T,MV_NUM_04_NBI41_B,MV_OFF_SYSTEM_BRIDGES,MV_OFF_SYSTEM_BRIDGES_NEW,MV_PORTAL_DATA_DICTIONARY_CACHE,MV_REMOVED_EXPORT_EXCELSHEET,MV_TOO_SHORT_BRIDGES

PL/SQL procedure successfully completed

